<?xml version="1.0" encoding="UTF-8"?>
<!-- Generated by org.testng.reporters.JUnitReportReporter -->
<testsuite hostname="Anantdeep" failures="0" tests="1" name="amazon_test.Test_Case12" time="36.555" errors="0" timestamp="2024-12-11T17:57:25 IST" skipped="0">
  <testcase classname="amazon_test.Test_Case12" name="show_product_details" time="36.555"/>
  <system-out>
    <![CDATA[Test is passed]]>
  </system-out>
</testsuite> <!-- amazon_test.Test_Case12 -->
