<?xml version="1.0" encoding="UTF-8"?>
<!-- Generated by org.testng.reporters.JUnitReportReporter -->
<testsuite hostname="Anantdeep" failures="0" tests="1" name="amazon_test.Test_Case5" time="19.601" errors="0" timestamp="2024-12-11T18:01:56 IST" skipped="0">
  <testcase classname="amazon_test.Test_Case5" name="loginl_logic" time="19.601"/>
  <system-out>
    <![CDATA[Test is passed]]>
  </system-out>
</testsuite> <!-- amazon_test.Test_Case5 -->
