<?xml version="1.0" encoding="UTF-8"?>
<!-- Generated by org.testng.reporters.JUnitReportReporter -->
<testsuite hostname="Anantdeep" failures="0" tests="2" name="amazon_test.Test_Case5" time="22.980" errors="0" timestamp="2024-12-11T11:42:18 IST" skipped="1">
  <testcase classname="amazon_test.Test_Case5" name="loginl_logic" time="18.748"/>
  <system-out>
    <![CDATA[Test is passed]]>
  </system-out>
  <testcase classname="amazon_test.Test_Case5" name="loginl_logic" time="4.232">
    <skipped/>
  </testcase> <!-- loginl_logic -->
  <system-out/>
</testsuite> <!-- amazon_test.Test_Case5 -->
