<?xml version="1.0" encoding="UTF-8"?>
<!-- Generated by org.testng.reporters.JUnitReportReporter -->
<testsuite hostname="Anantdeep" failures="0" tests="1" name="amazon_test.Test_Case2" time="21.635" errors="0" timestamp="2024-12-11T20:20:26 IST" skipped="0">
  <testcase classname="amazon_test.Test_Case2" name="login_logic" time="21.635"/>
  <system-out>
    <![CDATA[Test is passed]]>
  </system-out>
</testsuite> <!-- amazon_test.Test_Case2 -->
