<?xml version="1.0" encoding="UTF-8"?>
<!-- Generated by org.testng.reporters.JUnitReportReporter -->
<testsuite hostname="Anantdeep" failures="0" tests="1" name="amazon_test.Test_Case15" time="15.993" errors="0" timestamp="2024-12-09T23:59:26 IST" skipped="0">
  <testcase classname="amazon_test.Test_Case15" name="cart_page" time="15.993"/>
  <system-out>
    <![CDATA[Test is passed]]>
  </system-out>
</testsuite> <!-- amazon_test.Test_Case15 -->
