<?xml version="1.0" encoding="UTF-8"?>
<!-- Generated by org.testng.reporters.JUnitReportReporter -->
<testsuite hostname="Anantdeep" failures="0" tests="1" name="amazon_test.Test_Case9" time="24.771" errors="0" timestamp="2024-12-11T18:01:56 IST" skipped="0">
  <testcase classname="amazon_test.Test_Case9" name="show_product_details" time="24.771"/>
  <system-out>
    <![CDATA[Test is passed]]>
  </system-out>
</testsuite> <!-- amazon_test.Test_Case9 -->
