<?xml version="1.0" encoding="UTF-8"?>
<!-- Generated by org.testng.reporters.JUnitReportReporter -->
<testsuite hostname="Anantdeep" failures="0" tests="2" name="amazon_test.Test_Case14" time="50.088" errors="0" timestamp="2024-12-11T18:37:14 IST" skipped="1">
  <testcase classname="amazon_test.Test_Case14" name="show_product_details" time="25.541"/>
  <system-out>
    <![CDATA[Test is passed]]>
  </system-out>
  <testcase classname="amazon_test.Test_Case14" name="show_product_details" time="24.547">
    <skipped/>
  </testcase> <!-- show_product_details -->
  <system-out/>
</testsuite> <!-- amazon_test.Test_Case14 -->
