<?xml version="1.0" encoding="UTF-8"?>
<!-- Generated by org.testng.reporters.JUnitReportReporter -->
<testsuite hostname="Anantdeep" failures="0" tests="3" name="amazon_test.Test_Case2" time="22.036" errors="0" timestamp="2024-12-11T11:43:00 IST" skipped="2">
  <testcase classname="amazon_test.Test_Case2" name="login_logic" time="13.342"/>
  <system-out>
    <![CDATA[Test is passed]]>
  </system-out>
  <testcase classname="amazon_test.Test_Case2" name="login_logic" time="4.142">
    <skipped/>
  </testcase> <!-- login_logic -->
  <system-out/>
  <testcase classname="amazon_test.Test_Case2" name="login_logic" time="4.552">
    <skipped/>
  </testcase> <!-- login_logic -->
  <system-out/>
</testsuite> <!-- amazon_test.Test_Case2 -->
