<?xml version="1.0" encoding="UTF-8"?>
<!-- Generated by org.testng.reporters.JUnitReportReporter -->
<testsuite hostname="Anantdeep" failures="0" tests="1" name="amazon_test.Test_Case6" time="44.314" errors="0" timestamp="2024-12-11T16:19:52 IST" skipped="0">
  <testcase classname="amazon_test.Test_Case6" name="categories_filter" time="44.314"/>
  <system-out>
    <![CDATA[Test is passed]]>
  </system-out>
</testsuite> <!-- amazon_test.Test_Case6 -->
