<?xml version="1.0" encoding="UTF-8"?>
<!-- Generated by org.testng.reporters.JUnitReportReporter -->
<testsuite hostname="Anantdeep" failures="0" tests="1" name="amazon_test.Test_Class16" time="10.307" errors="0" timestamp="2024-12-11T20:33:36 IST" skipped="0">
  <testcase classname="amazon_test.Test_Class16" name="show_product_details" time="10.307"/>
  <system-out>
    <![CDATA[Test is passed]]>
  </system-out>
</testsuite> <!-- amazon_test.Test_Class16 -->
