<?xml version="1.0" encoding="UTF-8"?>
<!-- Generated by org.testng.reporters.JUnitReportReporter -->
<testsuite hostname="Anantdeep" failures="0" tests="1" name="amazon_test.Test_Case13$coupon_code1" time="28.300" errors="0" timestamp="2024-12-09T23:59:26 IST" skipped="0">
  <testcase classname="amazon_test.Test_Case13$coupon_code1" name="show_product_details" time="28.300"/>
  <system-out>
    <![CDATA[Test is passed]]>
  </system-out>
</testsuite> <!-- amazon_test.Test_Case13$coupon_code1 -->
