<?xml version="1.0" encoding="UTF-8"?>
<!-- Generated by org.testng.reporters.JUnitReportReporter -->
<testsuite hostname="Anantdeep" failures="0" tests="1" name="amazon_test.Test_Case14" time="23.552" errors="0" timestamp="2024-12-10T00:22:56 IST" skipped="0">
  <testcase classname="amazon_test.Test_Case14" name="show_product_details" time="23.552"/>
  <system-out>
    <![CDATA[Test is passed]]>
  </system-out>
</testsuite> <!-- amazon_test.Test_Case14 -->
