<?xml version="1.0" encoding="UTF-8"?>
<!-- Generated by org.testng.reporters.JUnitReportReporter -->
<testsuite hostname="Anantdeep" failures="0" tests="1" name="amazon_test.Test_Case11" time="31.790" errors="0" timestamp="2024-12-11T18:10:20 IST" skipped="0">
  <testcase classname="amazon_test.Test_Case11" name="show_product_details" time="31.790"/>
  <system-out>
    <![CDATA[Test is passed]]>
  </system-out>
</testsuite> <!-- amazon_test.Test_Case11 -->
