<?xml version="1.0" encoding="UTF-8"?>
<!-- Generated by org.testng.reporters.JUnitReportReporter -->
<testsuite hostname="Anantdeep" failures="0" tests="1" name="amazon_test.Test_Case8" time="29.932" errors="0" timestamp="2024-12-11T18:37:14 IST" skipped="0">
  <testcase classname="amazon_test.Test_Case8" name="sorted" time="29.932"/>
  <system-out>
    <![CDATA[Test is passed]]>
  </system-out>
</testsuite> <!-- amazon_test.Test_Case8 -->
